#
# There is insufficient memory for the Java Runtime Environment to continue.
# Native memory allocation (mmap) failed to map 123731968 bytes for G1 virtual space
# Possible reasons:
#   The system is out of physical RAM or swap space
#   The process is running with CompressedOops enabled, and the Java Heap may be blocking the growth of the native heap
# Possible solutions:
#   Reduce memory load on the system
#   Increase physical memory or swap space
#   Check if swap backing store is full
#   Decrease Java heap size (-Xmx/-Xms)
#   Decrease number of Java threads
#   Decrease Java thread stack sizes (-Xss)
#   Set larger code cache with -XX:ReservedCodeCacheSize=
#   JVM is running with Unscaled Compressed Oops mode in which the Java heap is
#     placed in the first 4GB address space. The Java Heap base address is the
#     maximum limit for the native heap growth. Please use -XX:HeapBaseMinAddress
#     to set the Java Heap base and to place the Java Heap above 4GB virtual address.
# This output file may be truncated or incomplete.
#
#  Out of Memory Error (os_windows.cpp:3550), pid=4768, tid=15264
#
# JRE version:  (17.0.6+9) (build )
# Java VM: Java HotSpot(TM) 64-Bit Server VM (17.0.6+9-LTS-190, mixed mode, sharing, tiered, compressed oops, compressed class ptrs, g1 gc, windows-amd64)
# No core dump will be written. Minidumps are not enabled by default on client versions of Windows
#

---------------  S U M M A R Y ------------

Command Line: -Dmaven.multiModuleProjectDirectory=F:\Projects\Univer\4sem\Java\1lab\univer -Djansi.passthrough=true -Dmaven.home=C:\Users\Race\.m2\wrapper\dists\apache-maven-3.8.6-bin\1ks0nkde5v1pk9vtc31i9d0lcd\apache-maven-3.8.6 -Dclassworlds.conf=C:\Users\Race\.m2\wrapper\dists\apache-maven-3.8.6-bin\1ks0nkde5v1pk9vtc31i9d0lcd\apache-maven-3.8.6\bin\m2.conf -Dmaven.ext.class.path=F:\Programes\IntelliJ IDEA Community Edition 2022.3.2\plugins\maven\lib\maven-event-listener.jar -javaagent:F:\Programes\IntelliJ IDEA Community Edition 2022.3.2\lib\idea_rt.jar=63639:F:\Programes\IntelliJ IDEA Community Edition 2022.3.2\bin -Dfile.encoding=UTF-8 org.codehaus.classworlds.Launcher -Didea.version=2022.3.2 spring-boot:run

Host: AMD Ryzen 5 4600H with Radeon Graphics         , 12 cores, 7G,  Windows 10 , 64 bit Build 19041 (10.0.19041.2364)
Time: Thu Feb 16 11:35:31 2023 RTZ 2 (s 10 , 64 bit Build 19041 (10.0.19041.2364) elapsed time: 0.015193 seconds (0d 0h 0m 0s)

---------------  T H R E A D  ---------------

Current thread (0x000001e189b911e0):  JavaThread "Unknown thread" [_thread_in_vm, id=15264, stack(0x0000004542c00000,0x0000004542d00000)]

Stack: [0x0000004542c00000,0x0000004542d00000]
Native frames: (J=compiled Java code, j=interpreted, Vv=VM code, C=native code)
V  [jvm.dll+0x6734ea]
V  [jvm.dll+0x7d18f4]
V  [jvm.dll+0x7d309e]
V  [jvm.dll+0x7d3703]
V  [jvm.dll+0x2433c5]
V  [jvm.dll+0x6703f9]
V  [jvm.dll+0x664d32]
V  [jvm.dll+0x300086]
V  [jvm.dll+0x307606]
V  [jvm.dll+0x356c1e]
V  [jvm.dll+0x356e4f]
V  [jvm.dll+0x2d72e8]
V  [jvm.dll+0x2d8254]
V  [jvm.dll+0x7a33b1]
V  [jvm.dll+0x3647f1]
V  [jvm.dll+0x782839]
V  [jvm.dll+0x3e757f]
V  [jvm.dll+0x3e9001]
C  [jli.dll+0x5297]
C  [ucrtbase.dll+0x21bb2]
C  [KERNEL32.DLL+0x17614]
C  [ntdll.dll+0x526a1]


---------------  P R O C E S S  ---------------

Threads class SMR info:
_java_thread_list=0x00007ff83009e958, length=0, elements={
}

Java Threads: ( => current thread )

Other Threads:
  0x000001e189be9530 GCTaskThread "GC Thread#0" [stack: 0x0000004542d00000,0x0000004542e00000] [id=5604]
  0x000001e189bf9840 ConcurrentGCThread "G1 Main Marker" [stack: 0x0000004542e00000,0x0000004542f00000] [id=14824]
  0x000001e189bfa250 ConcurrentGCThread "G1 Conc#0" [stack: 0x0000004542f00000,0x0000004543000000] [id=2868]

[error occurred during error reporting (printing all threads), id 0xc0000005, EXCEPTION_ACCESS_VIOLATION (0xc0000005) at pc=0x00007ff82f8d7f07]

VM state: not at safepoint (not fully initialized)

VM Mutex/Monitor currently owned by a thread:  ([mutex/lock_event])
[0x000001e189b8c990] Heap_lock - owner thread: 0x000001e189b911e0

Heap address: 0x000000008a200000, size: 1886 MB, Compressed Oops mode: 32-bit

CDS archive(s) mapped at: [0x0000000000000000-0x0000000000000000-0x0000000000000000), size 0, SharedBaseAddress: 0x0000000800000000, ArchiveRelocationMode: 0.
Narrow klass base: 0x0000000000000000, Narrow klass shift: 0, Narrow klass range: 0x0

GC Precious Log:
<Empty>

Heap:
 garbage-first heap   total 0K, used 0K [0x000000008a200000, 0x0000000100000000)
  region size 1024K, 0 young (0K), 0 survivors (0K)

[error occurred during error reporting (printing heap information), id 0xc0000005, EXCEPTION_ACCESS_VIOLATION (0xc0000005) at pc=0x00007ff82fcbc759]

GC Heap History (0 events):
No events

Deoptimization events (0 events):
No events

Classes unloaded (0 events):
No events

Classes redefined (0 events):
No events

Internal exceptions (0 events):
No events

VM Operations (0 events):
No events

Events (1 events):
Event: 0.010 Loaded shared library F:\Programes\JDK\bin\java.dll


Dynamic libraries:
0x00007ff706330000 - 0x00007ff706340000 	F:\Programes\JDK\bin\java.exe
0x00007ff88cb10000 - 0x00007ff88cd08000 	C:\Windows\SYSTEM32\ntdll.dll
0x00007ff88b9e0000 - 0x00007ff88ba9f000 	C:\Windows\System32\KERNEL32.DLL
0x00007ff88a6a0000 - 0x00007ff88a972000 	C:\Windows\System32\KERNELBASE.dll
0x00007ff88a490000 - 0x00007ff88a590000 	C:\Windows\System32\ucrtbase.dll
0x00007ff8815a0000 - 0x00007ff8815b8000 	F:\Programes\JDK\bin\jli.dll
0x00007ff876fb0000 - 0x00007ff876fcb000 	F:\Programes\JDK\bin\VCRUNTIME140.dll
0x00007ff88bb90000 - 0x00007ff88bc3e000 	C:\Windows\System32\ADVAPI32.dll
0x00007ff88ca30000 - 0x00007ff88cace000 	C:\Windows\System32\msvcrt.dll
0x00007ff88ab50000 - 0x00007ff88abec000 	C:\Windows\System32\sechost.dll
0x00007ff88bca0000 - 0x00007ff88bdc5000 	C:\Windows\System32\RPCRT4.dll
0x00007ff88be60000 - 0x00007ff88c001000 	C:\Windows\System32\USER32.dll
0x00007ff88a200000 - 0x00007ff88a222000 	C:\Windows\System32\win32u.dll
0x00007ff88c910000 - 0x00007ff88c93b000 	C:\Windows\System32\GDI32.dll
0x00007ff88a590000 - 0x00007ff88a69f000 	C:\Windows\System32\gdi32full.dll
0x00007ff86eaa0000 - 0x00007ff86ed3a000 	C:\Windows\WinSxS\amd64_microsoft.windows.common-controls_6595b64144ccf1df_6.0.19041.1110_none_60b5254171f9507e\COMCTL32.dll
0x00007ff88a3f0000 - 0x00007ff88a48d000 	C:\Windows\System32\msvcp_win.dll
0x00007ff8815e0000 - 0x00007ff8815ea000 	C:\Windows\SYSTEM32\VERSION.dll
0x00007ff88c9f0000 - 0x00007ff88ca22000 	C:\Windows\System32\IMM32.DLL
0x00007ff8826c0000 - 0x00007ff8826cc000 	F:\Programes\JDK\bin\vcruntime140_1.dll
0x00007ff86de30000 - 0x00007ff86debe000 	F:\Programes\JDK\bin\msvcp140.dll
0x00007ff82f5f0000 - 0x00007ff8301c7000 	F:\Programes\JDK\bin\server\jvm.dll
0x00007ff88b850000 - 0x00007ff88b858000 	C:\Windows\System32\PSAPI.DLL
0x00007ff887720000 - 0x00007ff887729000 	C:\Windows\SYSTEM32\WSOCK32.dll
0x00007ff88c020000 - 0x00007ff88c08b000 	C:\Windows\System32\WS2_32.dll
0x00007ff87e2b0000 - 0x00007ff87e2d7000 	C:\Windows\SYSTEM32\WINMM.dll
0x00007ff8880c0000 - 0x00007ff8880d2000 	C:\Windows\SYSTEM32\kernel.appcore.dll
0x00007ff876d40000 - 0x00007ff876d4a000 	F:\Programes\JDK\bin\jimage.dll
0x00007ff86ff80000 - 0x00007ff870164000 	C:\Windows\SYSTEM32\DBGHELP.DLL
0x00007ff86a820000 - 0x00007ff86a855000 	C:\Windows\SYSTEM32\dbgcore.DLL
0x00007ff88a360000 - 0x00007ff88a3e2000 	C:\Windows\System32\bcryptPrimitives.dll
0x00007ff867680000 - 0x00007ff86768e000 	F:\Programes\JDK\bin\instrument.dll
0x00007ff872070000 - 0x00007ff872095000 	F:\Programes\JDK\bin\java.dll

dbghelp: loaded successfully - version: 4.0.5 - missing functions: none
symbol engine: initialized successfully - sym options: 0x614 - pdb path: .;F:\Programes\JDK\bin;C:\Windows\SYSTEM32;C:\Windows\WinSxS\amd64_microsoft.windows.common-controls_6595b64144ccf1df_6.0.19041.1110_none_60b5254171f9507e;F:\Programes\JDK\bin\server

VM Arguments:
jvm_args: -Dmaven.multiModuleProjectDirectory=F:\Projects\Univer\4sem\Java\1lab\univer -Djansi.passthrough=true -Dmaven.home=C:\Users\Race\.m2\wrapper\dists\apache-maven-3.8.6-bin\1ks0nkde5v1pk9vtc31i9d0lcd\apache-maven-3.8.6 -Dclassworlds.conf=C:\Users\Race\.m2\wrapper\dists\apache-maven-3.8.6-bin\1ks0nkde5v1pk9vtc31i9d0lcd\apache-maven-3.8.6\bin\m2.conf -Dmaven.ext.class.path=F:\Programes\IntelliJ IDEA Community Edition 2022.3.2\plugins\maven\lib\maven-event-listener.jar -javaagent:F:\Programes\IntelliJ IDEA Community Edition 2022.3.2\lib\idea_rt.jar=63639:F:\Programes\IntelliJ IDEA Community Edition 2022.3.2\bin -Dfile.encoding=UTF-8 
java_command: org.codehaus.classworlds.Launcher -Didea.version=2022.3.2 spring-boot:run
java_class_path (initial): C:\Users\Race\.m2\wrapper\dists\apache-maven-3.8.6-bin\1ks0nkde5v1pk9vtc31i9d0lcd\apache-maven-3.8.6\boot\plexus-classworlds-2.6.0.jar;C:\Users\Race\.m2\wrapper\dists\apache-maven-3.8.6-bin\1ks0nkde5v1pk9vtc31i9d0lcd\apache-maven-3.8.6\boot\plexus-classworlds.license
Launcher Type: SUN_STANDARD

[Global flags]
     intx CICompilerCount                          = 4                                         {product} {ergonomic}
     uint ConcGCThreads                            = 3                                         {product} {ergonomic}
     uint G1ConcRefinementThreads                  = 10                                        {product} {ergonomic}
   size_t G1HeapRegionSize                         = 1048576                                   {product} {ergonomic}
    uintx GCDrainStackTargetSize                   = 64                                        {product} {ergonomic}
   size_t InitialHeapSize                          = 123731968                                 {product} {ergonomic}
   size_t MarkStackSize                            = 4194304                                   {product} {ergonomic}
   size_t MaxHeapSize                              = 1977614336                                {product} {ergonomic}
   size_t MinHeapDeltaBytes                        = 1048576                                   {product} {ergonomic}
   size_t MinHeapSize                              = 8388608                                   {product} {ergonomic}
    uintx NonNMethodCodeHeapSize                   = 5839372                                {pd product} {ergonomic}
    uintx NonProfiledCodeHeapSize                  = 122909434                              {pd product} {ergonomic}
    uintx ProfiledCodeHeapSize                     = 122909434                              {pd product} {ergonomic}
    uintx ReservedCodeCacheSize                    = 251658240                              {pd product} {ergonomic}
     bool SegmentedCodeCache                       = true                                      {product} {ergonomic}
   size_t SoftMaxHeapSize                          = 1977614336                             {manageable} {ergonomic}
     bool UseCompressedClassPointers               = true                           {product lp64_product} {ergonomic}
     bool UseCompressedOops                        = true                           {product lp64_product} {ergonomic}
     bool UseG1GC                                  = true                                      {product} {ergonomic}
     bool UseLargePagesIndividualAllocation        = false                                  {pd product} {ergonomic}

Logging:
Log output configuration:
 #0: stdout all=warning uptime,level,tags
 #1: stderr all=off uptime,level,tags

Environment Variables:
PATH=C:\Program Files\Common Files\Oracle\Java\javapath;C:\ProgramData\Oracle\Java\javapath;C:\Windows\system32;C:\Windows;C:\Windows\System32\Wbem;C:\Windows\System32\WindowsPowerShell\v1.0\;C:\Windows\System32\OpenSSH\;C:\Program Files (x86)\NVIDIA Corporation\PhysX\Common;C:\Program Files\dotnet\;C:\Program Files\NVIDIA Corporation\NVIDIA NvDLISR;C:\Users\Race\AppData\Local\Microsoft\WindowsApps;C:\Users\Race\.dotnet\tools
USERNAME=Race
OS=Windows_NT
PROCESSOR_IDENTIFIER=AMD64 Family 23 Model 96 Stepping 1, AuthenticAMD



---------------  S Y S T E M  ---------------

OS:
 Windows 10 , 64 bit Build 19041 (10.0.19041.2364)
OS uptime: 0 days 0:20 hours

CPU: total 12 (initial active 12) (12 cores per cpu, 2 threads per core) family 23 model 96 stepping 1 microcode 0x0, cx8, cmov, fxsr, ht, mmx, 3dnowpref, sse, sse2, sse3, ssse3, sse4a, sse4.1, sse4.2, popcnt, lzcnt, tsc, tscinvbit, avx, avx2, aes, clmul, bmi1, bmi2, adx, sha, fma, vzeroupper, clflush, clflushopt

Memory: 4k page, system-wide physical 7541M (1645M free)
TotalPageFile size 7541M (AvailPageFile size 33M)
current process WorkingSet (physical memory assigned to process): 10M, peak: 10M
current process commit charge ("private bytes"): 64M, peak: 182M

vm_info: Java HotSpot(TM) 64-Bit Server VM (17.0.6+9-LTS-190) for windows-amd64 JRE (17.0.6+9-LTS-190), built on Dec  6 2022 15:53:54 by "mach5one" with MS VC++ 17.1 (VS2022)

END.
